<!DOCTYPE html>

<html>
  <head>
  <title>TestNG reports</title>

    <link type="text/css" href="testng-reports.css" rel="stylesheet" />  
    <script type="text/javascript" src="jquery-1.7.1.min.js"></script>
    <script type="text/javascript" src="testng-reports.js"></script>
    <script type="text/javascript" src="https://www.google.com/jsapi"></script>
    <script type='text/javascript'>
      google.load('visualization', '1', {packages:['table']});
      google.setOnLoadCallback(drawTable);
      var suiteTableInitFunctions = new Array();
      var suiteTableData = new Array();
    </script>
    <!--
      <script type="text/javascript" src="jquery-ui/js/jquery-ui-1.8.16.custom.min.js"></script>
     -->
  </head>

  <body>
    <div class="top-banner-root">
      <span class="top-banner-title-font">Test results</span>
      <br/>
      <span class="top-banner-font-1">1 suite, 3 failed tests</span>
    </div> <!-- top-banner-root -->
    <div class="navigator-root">
      <div class="navigator-suite-header">
        <span>All suites</span>
        <a href="#" class="collapse-all-link" title="Collapse/expand all the suites">
          <img class="collapse-all-icon" src="collapseall.gif">
          </img> <!-- collapse-all-icon -->
        </a> <!-- collapse-all-link -->
      </div> <!-- navigator-suite-header -->
      <div class="suite">
        <div class="rounded-window">
          <div class="suite-header light-rounded-window-top">
            <a href="#" class="navigator-link" panel-name="suite-TestSuit">
              <span class="suite-name border-failed">TestSuit</span>
            </a> <!-- navigator-link -->
          </div> <!-- suite-header light-rounded-window-top -->
          <div class="navigator-suite-content">
            <div class="suite-section-title">
              <span>Info</span>
            </div> <!-- suite-section-title -->
            <div class="suite-section-content">
              <ul>
                <li>
                  <a href="#" class="navigator-link " panel-name="test-xml-TestSuit">
                    <span>C:\Users\OFFNJA\Documents\GitHub\Master\Web_ICA_SE\TestNG.xml</span>
                  </a> <!-- navigator-link  -->
                </li>
                <li>
                  <a href="#" class="navigator-link " panel-name="testlist-TestSuit">
                    <span class="test-stats">2 tests</span>
                  </a> <!-- navigator-link  -->
                </li>
                <li>
                  <a href="#" class="navigator-link " panel-name="group-TestSuit">
                    <span>1 group</span>
                  </a> <!-- navigator-link  -->
                </li>
                <li>
                  <a href="#" class="navigator-link " panel-name="times-TestSuit">
                    <span>Times</span>
                  </a> <!-- navigator-link  -->
                </li>
                <li>
                  <a href="#" class="navigator-link " panel-name="reporter-TestSuit">
                    <span>Reporter output</span>
                  </a> <!-- navigator-link  -->
                </li>
                <li>
                  <a href="#" class="navigator-link " panel-name="ignored-methods-TestSuit">
                    <span>Ignored methods</span>
                  </a> <!-- navigator-link  -->
                </li>
                <li>
                  <a href="#" class="navigator-link " panel-name="chronological-TestSuit">
                    <span>Chronological view</span>
                  </a> <!-- navigator-link  -->
                </li>
              </ul>
            </div> <!-- suite-section-content -->
            <div class="result-section">
              <div class="suite-section-title">
                <span>Results</span>
              </div> <!-- suite-section-title -->
              <div class="suite-section-content">
                <ul>
                  <li>
                    <span class="method-stats">10 methods, 3 failed,   7 passed</span>
                  </li>
                  <li>
                    <span class="method-list-title failed">Failed methods</span>
                    <span class="show-or-hide-methods failed">
                      <a href="#" panel-name="suite-TestSuit" class="hide-methods failed suite-TestSuit"> (hide)</a> <!-- hide-methods failed suite-TestSuit -->
                      <a href="#" panel-name="suite-TestSuit" class="show-methods failed suite-TestSuit"> (show)</a> <!-- show-methods failed suite-TestSuit -->
                    </span>
                    <div class="method-list-content failed suite-TestSuit">
                      <span>
                        <img width="3%" src="failed.png"/>
                        <a href="#" class="method navigator-link" panel-name="suite-TestSuit" title="testscript.SmokeTest" hash-for-method="Verify_Add_Item_To_Shopping_List">Verify_Add_Item_To_Shopping_List</a> <!-- method navigator-link -->
                      </span>
                      <br/>
                      <span>
                        <img width="3%" src="failed.png"/>
                        <a href="#" class="method navigator-link" panel-name="suite-TestSuit" title="testscript.SmokeTest" hash-for-method="Verify_Wrong_Credentials">Verify_Wrong_Credentials</a> <!-- method navigator-link -->
                      </span>
                      <br/>
                      <span>
                        <img width="3%" src="failed.png"/>
                        <a href="#" class="method navigator-link" panel-name="suite-TestSuit" title="testscript.SmokeTest" hash-for-method="Verify_Wrong_Credentials">Verify_Wrong_Credentials</a> <!-- method navigator-link -->
                      </span>
                      <br/>
                    </div> <!-- method-list-content failed suite-TestSuit -->
                  </li>
                  <li>
                    <span class="method-list-title passed">Passed methods</span>
                    <span class="show-or-hide-methods passed">
                      <a href="#" panel-name="suite-TestSuit" class="hide-methods passed suite-TestSuit"> (hide)</a> <!-- hide-methods passed suite-TestSuit -->
                      <a href="#" panel-name="suite-TestSuit" class="show-methods passed suite-TestSuit"> (show)</a> <!-- show-methods passed suite-TestSuit -->
                    </span>
                    <div class="method-list-content passed suite-TestSuit">
                      <span>
                        <img width="3%" src="passed.png"/>
                        <a href="#" class="method navigator-link" panel-name="suite-TestSuit" title="testscript.SmokeTest" hash-for-method="Verify_Add_Item_To_Shopping_List">Verify_Add_Item_To_Shopping_List</a> <!-- method navigator-link -->
                      </span>
                      <br/>
                      <span>
                        <img width="3%" src="passed.png"/>
                        <a href="#" class="method navigator-link" panel-name="suite-TestSuit" title="testscript.SmokeTest" hash-for-method="Verify_Login_Functionality_With_3Digit">Verify_Login_Functionality_With_3Digit</a> <!-- method navigator-link -->
                      </span>
                      <br/>
                      <span>
                        <img width="3%" src="passed.png"/>
                        <a href="#" class="method navigator-link" panel-name="suite-TestSuit" title="testscript.SmokeTest" hash-for-method="Verify_Login_Functionality_With_3Digit">Verify_Login_Functionality_With_3Digit</a> <!-- method navigator-link -->
                      </span>
                      <br/>
                      <span>
                        <img width="3%" src="passed.png"/>
                        <a href="#" class="method navigator-link" panel-name="suite-TestSuit" title="testscript.SmokeTest" hash-for-method="Verify_Login_Functionality_With_4Digit">Verify_Login_Functionality_With_4Digit</a> <!-- method navigator-link -->
                      </span>
                      <br/>
                      <span>
                        <img width="3%" src="passed.png"/>
                        <a href="#" class="method navigator-link" panel-name="suite-TestSuit" title="testscript.SmokeTest" hash-for-method="Verify_Login_Functionality_With_4Digit">Verify_Login_Functionality_With_4Digit</a> <!-- method navigator-link -->
                      </span>
                      <br/>
                      <span>
                        <img width="3%" src="passed.png"/>
                        <a href="#" class="method navigator-link" panel-name="suite-TestSuit" title="testscript.SmokeTest" hash-for-method="Verify_Login_Functionality_With_6Digit">Verify_Login_Functionality_With_6Digit</a> <!-- method navigator-link -->
                      </span>
                      <br/>
                      <span>
                        <img width="3%" src="passed.png"/>
                        <a href="#" class="method navigator-link" panel-name="suite-TestSuit" title="testscript.SmokeTest" hash-for-method="Verify_Login_Functionality_With_6Digit">Verify_Login_Functionality_With_6Digit</a> <!-- method navigator-link -->
                      </span>
                      <br/>
                    </div> <!-- method-list-content passed suite-TestSuit -->
                  </li>
                </ul>
              </div> <!-- suite-section-content -->
            </div> <!-- result-section -->
          </div> <!-- navigator-suite-content -->
        </div> <!-- rounded-window -->
      </div> <!-- suite -->
    </div> <!-- navigator-root -->
    <div class="wrapper">
      <div class="main-panel-root">
        <div panel-name="suite-TestSuit" class="panel TestSuit">
          <div class="suite-TestSuit-class-failed">
            <div class="main-panel-header rounded-window-top">
              <img src="failed.png"/>
              <span class="class-name">testscript.SmokeTest</span>
            </div> <!-- main-panel-header rounded-window-top -->
            <div class="main-panel-content rounded-window-bottom">
              <div class="method">
                <div class="method-content">
                  <a name="Verify_Add_Item_To_Shopping_List">
                  </a> <!-- Verify_Add_Item_To_Shopping_List -->
                  <span class="method-name">Verify_Add_Item_To_Shopping_List</span>
                  <div class="stack-trace">org.openqa.selenium.NoSuchElementException: no such element
  (Session info: chrome=44.0.2403.107)
  (Driver info: chromedriver=2.16.333243 (0bfa1d3575fc1044244f21ddb82bf870944ef961),platform=Windows NT 6.1 SP1 x86_64) (WARNING: The server did not provide any stacktrace information)
Command duration or timeout: 10.07 seconds
For documentation on this error, please visit: http://seleniumhq.org/exceptions/no_such_element.html
Build info: version: &apos;2.45.0&apos;, revision: &apos;5017cb8&apos;, time: &apos;2015-02-26 23:59:50&apos;
System info: host: &apos;SEZVM2330P&apos;, ip: &apos;10.107.229.39&apos;, os.name: &apos;Windows Server 2008 R2&apos;, os.arch: &apos;x86&apos;, os.version: &apos;6.1&apos;, java.version: &apos;1.8.0_45&apos;
Driver info: org.openqa.selenium.chrome.ChromeDriver
Capabilities [{applicationCacheEnabled=false, rotatable=false, mobileEmulationEnabled=false, chrome={userDataDir=C:\Users\OFFNJA\AppData\Local\Temp\3\scoped_dir4332_13494}, takesHeapSnapshot=true, databaseEnabled=false, handlesAlerts=true, hasTouchScreen=false, version=44.0.2403.107, platform=XP, browserConnectionEnabled=false, nativeEvents=true, acceptSslCerts=true, locationContextEnabled=true, webStorageEnabled=true, browserName=chrome, takesScreenshot=true, javascriptEnabled=true, cssSelectorsEnabled=true}]
Session ID: e6ca0e33d367118c8c20bee627285c0c
*** Element info: {Using=link text, value=Logga in}
Command duration or timeout: 10.20 seconds
For documentation on this error, please visit: http://seleniumhq.org/exceptions/no_such_element.html
Build info: version: &apos;2.45.0&apos;, revision: &apos;5017cb8&apos;, time: &apos;2015-02-26 23:59:50&apos;
System info: host: &apos;SEZVM2330P&apos;, ip: &apos;10.107.229.39&apos;, os.name: &apos;Windows Server 2008 R2&apos;, os.arch: &apos;x86&apos;, os.version: &apos;6.1&apos;, java.version: &apos;1.8.0_45&apos;
Driver info: org.openqa.selenium.remote.RemoteWebDriver
Capabilities [{applicationCacheEnabled=false, rotatable=false, mobileEmulationEnabled=false, chrome={userDataDir=C:\Users\OFFNJA\AppData\Local\Temp\3\scoped_dir4332_13494}, takesHeapSnapshot=true, databaseEnabled=false, handlesAlerts=true, hasTouchScreen=false, version=44.0.2403.107, platform=XP, browserConnectionEnabled=false, nativeEvents=true, acceptSslCerts=true, webdriver.remote.sessionid=d1d87e80-e522-4a4b-b63d-354c4441eadd, locationContextEnabled=true, webStorageEnabled=true, browserName=chrome, takesScreenshot=true, javascriptEnabled=true, cssSelectorsEnabled=true}]
Session ID: d1d87e80-e522-4a4b-b63d-354c4441eadd
*** Element info: {Using=link text, value=Logga in}
	at org.openqa.selenium.remote.ErrorHandler.createThrowable(ErrorHandler.java:204)
	at org.openqa.selenium.remote.ErrorHandler.throwIfResponseFailed(ErrorHandler.java:156)
	at org.openqa.selenium.remote.RemoteWebDriver.execute(RemoteWebDriver.java:599)
	at org.openqa.selenium.remote.RemoteWebDriver.findElement(RemoteWebDriver.java:352)
	at org.openqa.selenium.remote.RemoteWebDriver.findElementByLinkText(RemoteWebDriver.java:401)
	at org.openqa.selenium.By$ByLinkText.findElement(By.java:242)
	at org.openqa.selenium.remote.RemoteWebDriver.findElement(RemoteWebDriver.java:344)
	at test.Core.Action.FindElement(Action.java:337)
	at test.Core.Action.Click(Action.java:98)
	at pageObjects.HomePage.NavigateToLoginpage(HomePage.java:45)
	at testscript.SmokeTest.Verify_Add_Item_To_Shopping_List(SmokeTest.java:150)
Caused by: org.openqa.selenium.remote.ScreenshotException: Screen shot has been taken
Build info: version: &apos;2.45.0&apos;, revision: &apos;5017cb8&apos;, time: &apos;2015-02-26 23:59:50&apos;
System info: host: &apos;SEZVM2330P&apos;, ip: &apos;10.107.229.39&apos;, os.name: &apos;Windows Server 2008 R2&apos;, os.arch: &apos;x86&apos;, os.version: &apos;6.1&apos;, java.version: &apos;1.8.0_45&apos;
Driver info: driver.version: RemoteWebDriver
	at org.openqa.selenium.remote.ErrorHandler.throwIfResponseFailed(ErrorHandler.java:136)
	... 33 more
Caused by: org.openqa.selenium.NoSuchElementException: no such element
  (Session info: chrome=44.0.2403.107)
  (Driver info: chromedriver=2.16.333243 (0bfa1d3575fc1044244f21ddb82bf870944ef961),platform=Windows NT 6.1 SP1 x86_64) (WARNING: The server did not provide any stacktrace information)
Command duration or timeout: 10.07 seconds
For documentation on this error, please visit: http://seleniumhq.org/exceptions/no_such_element.html
Build info: version: &apos;2.45.0&apos;, revision: &apos;5017cb8&apos;, time: &apos;2015-02-26 23:59:50&apos;
System info: host: &apos;SEZVM2330P&apos;, ip: &apos;10.107.229.39&apos;, os.name: &apos;Windows Server 2008 R2&apos;, os.arch: &apos;x86&apos;, os.version: &apos;6.1&apos;, java.version: &apos;1.8.0_45&apos;
Driver info: org.openqa.selenium.chrome.ChromeDriver
Capabilities [{applicationCacheEnabled=false, rotatable=false, mobileEmulationEnabled=false, chrome={userDataDir=C:\Users\OFFNJA\AppData\Local\Temp\3\scoped_dir4332_13494}, takesHeapSnapshot=true, databaseEnabled=false, handlesAlerts=true, hasTouchScreen=false, version=44.0.2403.107, platform=XP, browserConnectionEnabled=false, nativeEvents=true, acceptSslCerts=true, locationContextEnabled=true, webStorageEnabled=true, browserName=chrome, takesScreenshot=true, javascriptEnabled=true, cssSelectorsEnabled=true}]
Session ID: e6ca0e33d367118c8c20bee627285c0c
*** Element info: {Using=link text, value=Logga in}
For documentation on this error, please visit: http://seleniumhq.org/exceptions/no_such_element.html
Build info: version: &apos;2.45.0&apos;, revision: &apos;5017cb8&apos;, time: &apos;2015-02-26 23:59:50&apos;
System info: host: &apos;SEZVM2330P&apos;, ip: &apos;10.107.229.39&apos;, os.name: &apos;Windows Server 2008 R2&apos;, os.arch: &apos;x86&apos;, os.version: &apos;6.1&apos;, java.version: &apos;1.8.0_45&apos;
Driver info: driver.version: EventFiringWebDriver
	at org.openqa.selenium.remote.ErrorHandler.createThrowable(ErrorHandler.java:204)
	at org.openqa.selenium.remote.ErrorHandler.throwIfResponseFailed(ErrorHandler.java:156)
	at org.openqa.selenium.remote.RemoteWebDriver.execute(RemoteWebDriver.java:599)
	at org.openqa.selenium.remote.RemoteWebDriver.findElement(RemoteWebDriver.java:352)
	at org.openqa.selenium.remote.RemoteWebDriver.findElementByLinkText(RemoteWebDriver.java:401)
	at org.openqa.selenium.By$ByLinkText.findElement(By.java:242)
	at org.openqa.selenium.remote.RemoteWebDriver.findElement(RemoteWebDriver.java:344)
	at org.openqa.selenium.support.events.EventFiringWebDriver$2.invoke(EventFiringWebDriver.java:101)
	at com.sun.proxy.$Proxy1.findElement(Unknown Source)
	at org.openqa.selenium.support.events.EventFiringWebDriver.findElement(EventFiringWebDriver.java:184)
	at org.openqa.selenium.remote.server.handler.FindElement.call(FindElement.java:47)
	at org.openqa.selenium.remote.server.handler.FindElement.call(FindElement.java:1)
	at java.util.concurrent.FutureTask.run(Unknown Source)
	at org.openqa.selenium.remote.server.DefaultSession$1.run(DefaultSession.java:168)
	at java.util.concurrent.ThreadPoolExecutor.runWorker(Unknown Source)
	at java.util.concurrent.ThreadPoolExecutor$Worker.run(Unknown Source)
	at java.lang.Thread.run(Unknown Source)
... Removed 35 stack frames
</div> <!-- stack-trace -->
                  <em>
(Verify_Add_Item_To_Shopping_List)                  </em>
                </div> <!-- method-content -->
              </div> <!-- method -->
              <div class="method">
                <div class="method-content">
                  <a name="Verify_Wrong_Credentials">
                  </a> <!-- Verify_Wrong_Credentials -->
                  <span class="method-name">Verify_Wrong_Credentials</span>
                  <div class="stack-trace">org.openqa.selenium.NoSuchElementException: no such element
  (Session info: chrome=44.0.2403.107)
  (Driver info: chromedriver=2.16.333243 (0bfa1d3575fc1044244f21ddb82bf870944ef961),platform=Windows NT 6.1 SP1 x86_64) (WARNING: The server did not provide any stacktrace information)
Command duration or timeout: 3.04 seconds
For documentation on this error, please visit: http://seleniumhq.org/exceptions/no_such_element.html
Build info: version: &apos;2.45.0&apos;, revision: &apos;5017cb8&apos;, time: &apos;2015-02-26 23:59:50&apos;
System info: host: &apos;SEZVM2330P&apos;, ip: &apos;10.107.229.39&apos;, os.name: &apos;Windows Server 2008 R2&apos;, os.arch: &apos;x86&apos;, os.version: &apos;6.1&apos;, java.version: &apos;1.8.0_45&apos;
Driver info: org.openqa.selenium.chrome.ChromeDriver
Capabilities [{applicationCacheEnabled=false, rotatable=false, mobileEmulationEnabled=false, chrome={userDataDir=C:\Users\OFFNJA\AppData\Local\Temp\3\scoped_dir4332_13494}, takesHeapSnapshot=true, databaseEnabled=false, handlesAlerts=true, hasTouchScreen=false, version=44.0.2403.107, platform=XP, browserConnectionEnabled=false, nativeEvents=true, acceptSslCerts=true, locationContextEnabled=true, webStorageEnabled=true, browserName=chrome, takesScreenshot=true, javascriptEnabled=true, cssSelectorsEnabled=true}]
Session ID: e6ca0e33d367118c8c20bee627285c0c
*** Element info: {Using=xpath, value=(//a[contains(text(),&apos;Logga ut&apos;)])[2]}
Command duration or timeout: 3.20 seconds
For documentation on this error, please visit: http://seleniumhq.org/exceptions/no_such_element.html
Build info: version: &apos;2.45.0&apos;, revision: &apos;5017cb8&apos;, time: &apos;2015-02-26 23:59:50&apos;
System info: host: &apos;SEZVM2330P&apos;, ip: &apos;10.107.229.39&apos;, os.name: &apos;Windows Server 2008 R2&apos;, os.arch: &apos;x86&apos;, os.version: &apos;6.1&apos;, java.version: &apos;1.8.0_45&apos;
Driver info: org.openqa.selenium.remote.RemoteWebDriver
Capabilities [{applicationCacheEnabled=false, rotatable=false, mobileEmulationEnabled=false, chrome={userDataDir=C:\Users\OFFNJA\AppData\Local\Temp\3\scoped_dir4332_13494}, takesHeapSnapshot=true, databaseEnabled=false, handlesAlerts=true, hasTouchScreen=false, version=44.0.2403.107, platform=XP, browserConnectionEnabled=false, nativeEvents=true, acceptSslCerts=true, webdriver.remote.sessionid=d1d87e80-e522-4a4b-b63d-354c4441eadd, locationContextEnabled=true, webStorageEnabled=true, browserName=chrome, takesScreenshot=true, javascriptEnabled=true, cssSelectorsEnabled=true}]
Session ID: d1d87e80-e522-4a4b-b63d-354c4441eadd
*** Element info: {Using=xpath, value=(//a[contains(text(),&apos;Logga ut&apos;)])[2]}
	at org.openqa.selenium.remote.ErrorHandler.createThrowable(ErrorHandler.java:204)
	at org.openqa.selenium.remote.ErrorHandler.throwIfResponseFailed(ErrorHandler.java:156)
	at org.openqa.selenium.remote.RemoteWebDriver.execute(RemoteWebDriver.java:599)
	at org.openqa.selenium.remote.RemoteWebDriver.findElement(RemoteWebDriver.java:352)
	at org.openqa.selenium.remote.RemoteWebDriver.findElementByXPath(RemoteWebDriver.java:449)
	at org.openqa.selenium.By$ByXPath.findElement(By.java:357)
	at org.openqa.selenium.remote.RemoteWebDriver.findElement(RemoteWebDriver.java:344)
	at test.Core.Action.FindElement(Action.java:337)
	at test.Core.Action.IsElementPresent(Action.java:150)
	at test.Core.Action.verifyElementPresent(Action.java:127)
	at pageObjects.LoginPage.Login(LoginPage.java:50)
	at testscript.SmokeTest.Verify_Wrong_Credentials(SmokeTest.java:110)
Caused by: org.openqa.selenium.remote.ScreenshotException: Screen shot has been taken
Build info: version: &apos;2.45.0&apos;, revision: &apos;5017cb8&apos;, time: &apos;2015-02-26 23:59:50&apos;
System info: host: &apos;SEZVM2330P&apos;, ip: &apos;10.107.229.39&apos;, os.name: &apos;Windows Server 2008 R2&apos;, os.arch: &apos;x86&apos;, os.version: &apos;6.1&apos;, java.version: &apos;1.8.0_45&apos;
Driver info: driver.version: RemoteWebDriver
	at org.openqa.selenium.remote.ErrorHandler.throwIfResponseFailed(ErrorHandler.java:136)
	... 34 more
Caused by: org.openqa.selenium.NoSuchElementException: no such element
  (Session info: chrome=44.0.2403.107)
  (Driver info: chromedriver=2.16.333243 (0bfa1d3575fc1044244f21ddb82bf870944ef961),platform=Windows NT 6.1 SP1 x86_64) (WARNING: The server did not provide any stacktrace information)
Command duration or timeout: 3.04 seconds
For documentation on this error, please visit: http://seleniumhq.org/exceptions/no_such_element.html
Build info: version: &apos;2.45.0&apos;, revision: &apos;5017cb8&apos;, time: &apos;2015-02-26 23:59:50&apos;
System info: host: &apos;SEZVM2330P&apos;, ip: &apos;10.107.229.39&apos;, os.name: &apos;Windows Server 2008 R2&apos;, os.arch: &apos;x86&apos;, os.version: &apos;6.1&apos;, java.version: &apos;1.8.0_45&apos;
Driver info: org.openqa.selenium.chrome.ChromeDriver
Capabilities [{applicationCacheEnabled=false, rotatable=false, mobileEmulationEnabled=false, chrome={userDataDir=C:\Users\OFFNJA\AppData\Local\Temp\3\scoped_dir4332_13494}, takesHeapSnapshot=true, databaseEnabled=false, handlesAlerts=true, hasTouchScreen=false, version=44.0.2403.107, platform=XP, browserConnectionEnabled=false, nativeEvents=true, acceptSslCerts=true, locationContextEnabled=true, webStorageEnabled=true, browserName=chrome, takesScreenshot=true, javascriptEnabled=true, cssSelectorsEnabled=true}]
Session ID: e6ca0e33d367118c8c20bee627285c0c
*** Element info: {Using=xpath, value=(//a[contains(text(),&apos;Logga ut&apos;)])[2]}
For documentation on this error, please visit: http://seleniumhq.org/exceptions/no_such_element.html
Build info: version: &apos;2.45.0&apos;, revision: &apos;5017cb8&apos;, time: &apos;2015-02-26 23:59:50&apos;
System info: host: &apos;SEZVM2330P&apos;, ip: &apos;10.107.229.39&apos;, os.name: &apos;Windows Server 2008 R2&apos;, os.arch: &apos;x86&apos;, os.version: &apos;6.1&apos;, java.version: &apos;1.8.0_45&apos;
Driver info: driver.version: EventFiringWebDriver
	at org.openqa.selenium.remote.ErrorHandler.createThrowable(ErrorHandler.java:204)
	at org.openqa.selenium.remote.ErrorHandler.throwIfResponseFailed(ErrorHandler.java:156)
	at org.openqa.selenium.remote.RemoteWebDriver.execute(RemoteWebDriver.java:599)
	at org.openqa.selenium.remote.RemoteWebDriver.findElement(RemoteWebDriver.java:352)
	at org.openqa.selenium.remote.RemoteWebDriver.findElementByXPath(RemoteWebDriver.java:449)
	at org.openqa.selenium.By$ByXPath.findElement(By.java:357)
	at org.openqa.selenium.remote.RemoteWebDriver.findElement(RemoteWebDriver.java:344)
	at org.openqa.selenium.support.events.EventFiringWebDriver$2.invoke(EventFiringWebDriver.java:101)
	at com.sun.proxy.$Proxy1.findElement(Unknown Source)
	at org.openqa.selenium.support.events.EventFiringWebDriver.findElement(EventFiringWebDriver.java:184)
	at org.openqa.selenium.remote.server.handler.FindElement.call(FindElement.java:47)
	at org.openqa.selenium.remote.server.handler.FindElement.call(FindElement.java:1)
	at java.util.concurrent.FutureTask.run(Unknown Source)
	at org.openqa.selenium.remote.server.DefaultSession$1.run(DefaultSession.java:168)
	at java.util.concurrent.ThreadPoolExecutor.runWorker(Unknown Source)
	at java.util.concurrent.ThreadPoolExecutor$Worker.run(Unknown Source)
	at java.lang.Thread.run(Unknown Source)
... Removed 35 stack frames
</div> <!-- stack-trace -->
                  <em>
(Verify Wrong Credentials)                  </em>
                </div> <!-- method-content -->
              </div> <!-- method -->
              <div class="method">
                <div class="method-content">
                  <a name="Verify_Wrong_Credentials">
                  </a> <!-- Verify_Wrong_Credentials -->
                  <span class="method-name">Verify_Wrong_Credentials</span>
                  <div class="stack-trace">org.openqa.selenium.NoSuchElementException: Unable to locate element: {&quot;method&quot;:&quot;xpath&quot;,&quot;selector&quot;:&quot;(//a[contains(text(),&apos;Logga ut&apos;)])[2]&quot;}
For documentation on this error, please visit: http://seleniumhq.org/exceptions/no_such_element.html
Build info: version: &apos;2.45.0&apos;, revision: &apos;5017cb8&apos;, time: &apos;2015-02-26 23:59:50&apos;
System info: host: &apos;SEZVM2330P&apos;, ip: &apos;10.107.229.39&apos;, os.name: &apos;Windows Server 2008 R2&apos;, os.arch: &apos;x86&apos;, os.version: &apos;6.1&apos;, java.version: &apos;1.8.0_45&apos;
Driver info: driver.version: unknown
Command duration or timeout: 3.26 seconds
For documentation on this error, please visit: http://seleniumhq.org/exceptions/no_such_element.html
Build info: version: &apos;2.45.0&apos;, revision: &apos;5017cb8&apos;, time: &apos;2015-02-26 23:59:50&apos;
System info: host: &apos;SEZVM2330P&apos;, ip: &apos;10.107.229.39&apos;, os.name: &apos;Windows Server 2008 R2&apos;, os.arch: &apos;x86&apos;, os.version: &apos;6.1&apos;, java.version: &apos;1.8.0_45&apos;
Driver info: org.openqa.selenium.remote.RemoteWebDriver
Capabilities [{applicationCacheEnabled=true, rotatable=false, handlesAlerts=true, databaseEnabled=true, version=39.0, platform=WINDOWS, nativeEvents=false, acceptSslCerts=true, webdriver.remote.sessionid=a6a71f6c-8d4b-45f8-b717-b68d74a7ceaa, webStorageEnabled=true, locationContextEnabled=true, browserName=firefox, takesScreenshot=true, javascriptEnabled=true, cssSelectorsEnabled=true}]
Session ID: a6a71f6c-8d4b-45f8-b717-b68d74a7ceaa
*** Element info: {Using=xpath, value=(//a[contains(text(),&apos;Logga ut&apos;)])[2]}
	at org.openqa.selenium.remote.ErrorHandler.createThrowable(ErrorHandler.java:204)
	at org.openqa.selenium.remote.ErrorHandler.throwIfResponseFailed(ErrorHandler.java:156)
	at org.openqa.selenium.remote.RemoteWebDriver.execute(RemoteWebDriver.java:599)
	at org.openqa.selenium.remote.RemoteWebDriver.findElement(RemoteWebDriver.java:352)
	at org.openqa.selenium.remote.RemoteWebDriver.findElementByXPath(RemoteWebDriver.java:449)
	at org.openqa.selenium.By$ByXPath.findElement(By.java:357)
	at org.openqa.selenium.remote.RemoteWebDriver.findElement(RemoteWebDriver.java:344)
	at test.Core.Action.FindElement(Action.java:337)
	at test.Core.Action.IsElementPresent(Action.java:150)
	at test.Core.Action.verifyElementPresent(Action.java:127)
	at pageObjects.LoginPage.Login(LoginPage.java:50)
	at testscript.SmokeTest.Verify_Wrong_Credentials(SmokeTest.java:110)
Caused by: org.openqa.selenium.remote.ScreenshotException: Screen shot has been taken
Build info: version: &apos;2.45.0&apos;, revision: &apos;5017cb8&apos;, time: &apos;2015-02-26 23:59:50&apos;
System info: host: &apos;SEZVM2330P&apos;, ip: &apos;10.107.229.39&apos;, os.name: &apos;Windows Server 2008 R2&apos;, os.arch: &apos;x86&apos;, os.version: &apos;6.1&apos;, java.version: &apos;1.8.0_45&apos;
Driver info: driver.version: RemoteWebDriver
	at org.openqa.selenium.remote.ErrorHandler.throwIfResponseFailed(ErrorHandler.java:136)
	... 34 more
Caused by: org.openqa.selenium.NoSuchElementException: Unable to locate element: {&quot;method&quot;:&quot;xpath&quot;,&quot;selector&quot;:&quot;(//a[contains(text(),&apos;Logga ut&apos;)])[2]&quot;}
For documentation on this error, please visit: http://seleniumhq.org/exceptions/no_such_element.html
Build info: version: &apos;2.45.0&apos;, revision: &apos;5017cb8&apos;, time: &apos;2015-02-26 23:59:50&apos;
System info: host: &apos;SEZVM2330P&apos;, ip: &apos;10.107.229.39&apos;, os.name: &apos;Windows Server 2008 R2&apos;, os.arch: &apos;x86&apos;, os.version: &apos;6.1&apos;, java.version: &apos;1.8.0_45&apos;
Driver info: driver.version: unknown
For documentation on this error, please visit: http://seleniumhq.org/exceptions/no_such_element.html
Build info: version: &apos;2.45.0&apos;, revision: &apos;5017cb8&apos;, time: &apos;2015-02-26 23:59:50&apos;
System info: host: &apos;SEZVM2330P&apos;, ip: &apos;10.107.229.39&apos;, os.name: &apos;Windows Server 2008 R2&apos;, os.arch: &apos;x86&apos;, os.version: &apos;6.1&apos;, java.version: &apos;1.8.0_45&apos;
Driver info: driver.version: unknown
	at &lt;anonymous class&gt;.FirefoxDriver.prototype.findElementInternal_(file:///C:/Users/OFFNJA/AppData/Local/Temp/3/anonymous7321317653357682794webdriver-profile/extensions/fxdriver@googlecode.com/components/driver-component.js:10271)
	at &lt;anonymous class&gt;.fxdriver.Timer.prototype.setTimeout/&lt;.notify(file:///C:/Users/OFFNJA/AppData/Local/Temp/3/anonymous7321317653357682794webdriver-profile/extensions/fxdriver@googlecode.com/components/driver-component.js:603)
... Removed 28 stack frames
</div> <!-- stack-trace -->
                  <em>
(Verify Wrong Credentials)                  </em>
                </div> <!-- method-content -->
              </div> <!-- method -->
            </div> <!-- main-panel-content rounded-window-bottom -->
          </div> <!-- suite-TestSuit-class-failed -->
          <div class="suite-TestSuit-class-passed">
            <div class="main-panel-header rounded-window-top">
              <img src="passed.png"/>
              <span class="class-name">testscript.SmokeTest</span>
            </div> <!-- main-panel-header rounded-window-top -->
            <div class="main-panel-content rounded-window-bottom">
              <div class="method">
                <div class="method-content">
                  <a name="Verify_Add_Item_To_Shopping_List">
                  </a> <!-- Verify_Add_Item_To_Shopping_List -->
                  <span class="method-name">Verify_Add_Item_To_Shopping_List</span>
                  <em>
(Verify_Add_Item_To_Shopping_List)                  </em>
                </div> <!-- method-content -->
              </div> <!-- method -->
              <div class="method">
                <div class="method-content">
                  <a name="Verify_Login_Functionality_With_3Digit">
                  </a> <!-- Verify_Login_Functionality_With_3Digit -->
                  <span class="method-name">Verify_Login_Functionality_With_3Digit</span>
                  <em>
(Verify the login functionality with 3 digit pin(old customer))                  </em>
                </div> <!-- method-content -->
              </div> <!-- method -->
              <div class="method">
                <div class="method-content">
                  <a name="Verify_Login_Functionality_With_3Digit">
                  </a> <!-- Verify_Login_Functionality_With_3Digit -->
                  <span class="method-name">Verify_Login_Functionality_With_3Digit</span>
                  <em>
(Verify the login functionality with 3 digit pin(old customer))                  </em>
                </div> <!-- method-content -->
              </div> <!-- method -->
              <div class="method">
                <div class="method-content">
                  <a name="Verify_Login_Functionality_With_4Digit">
                  </a> <!-- Verify_Login_Functionality_With_4Digit -->
                  <span class="method-name">Verify_Login_Functionality_With_4Digit</span>
                  <em>
(Verify the login functionality with 4 digit pin(Bank Customer))                  </em>
                </div> <!-- method-content -->
              </div> <!-- method -->
              <div class="method">
                <div class="method-content">
                  <a name="Verify_Login_Functionality_With_4Digit">
                  </a> <!-- Verify_Login_Functionality_With_4Digit -->
                  <span class="method-name">Verify_Login_Functionality_With_4Digit</span>
                  <em>
(Verify the login functionality with 4 digit pin(Bank Customer))                  </em>
                </div> <!-- method-content -->
              </div> <!-- method -->
              <div class="method">
                <div class="method-content">
                  <a name="Verify_Login_Functionality_With_6Digit">
                  </a> <!-- Verify_Login_Functionality_With_6Digit -->
                  <span class="method-name">Verify_Login_Functionality_With_6Digit</span>
                  <em>
(Verify the login functionality with 6 digit pin(New customer))                  </em>
                </div> <!-- method-content -->
              </div> <!-- method -->
              <div class="method">
                <div class="method-content">
                  <a name="Verify_Login_Functionality_With_6Digit">
                  </a> <!-- Verify_Login_Functionality_With_6Digit -->
                  <span class="method-name">Verify_Login_Functionality_With_6Digit</span>
                  <em>
(Verify the login functionality with 6 digit pin(New customer))                  </em>
                </div> <!-- method-content -->
              </div> <!-- method -->
            </div> <!-- main-panel-content rounded-window-bottom -->
          </div> <!-- suite-TestSuit-class-passed -->
        </div> <!-- panel TestSuit -->
        <div panel-name="test-xml-TestSuit" class="panel">
          <div class="main-panel-header rounded-window-top">
            <span class="header-content">C:\Users\OFFNJA\Documents\GitHub\Master\Web_ICA_SE\TestNG.xml</span>
          </div> <!-- main-panel-header rounded-window-top -->
          <div class="main-panel-content rounded-window-bottom">
            <pre>
&lt;?xml version=&quot;1.0&quot; encoding=&quot;UTF-8&quot;?&gt;
&lt;!DOCTYPE suite SYSTEM &quot;http://testng.org/testng-1.0.dtd&quot;&gt;
&lt;suite thread-count=&quot;2&quot; name=&quot;TestSuit&quot;&gt;
  &lt;listeners&gt;
    &lt;listener class-name=&quot;test.Core.Log&quot;/&gt;
  &lt;/listeners&gt;
  &lt;test name=&quot;SmokeTest with Chrome&quot;&gt;
    &lt;parameter name=&quot;Browser&quot; value=&quot;chrome&quot;/&gt;
    &lt;classes&gt;
      &lt;class name=&quot;testscript.SmokeTest&quot;/&gt;
    &lt;/classes&gt;
  &lt;/test&gt; &lt;!-- SmokeTest with Chrome --&gt;
  &lt;test name=&quot;SmokeTest with firefox&quot;&gt;
    &lt;parameter name=&quot;Browser&quot; value=&quot;firefox&quot;/&gt;
    &lt;classes&gt;
      &lt;class name=&quot;testscript.SmokeTest&quot;/&gt;
    &lt;/classes&gt;
  &lt;/test&gt; &lt;!-- SmokeTest with firefox --&gt;
&lt;/suite&gt; &lt;!-- TestSuit --&gt;
            </pre>
          </div> <!-- main-panel-content rounded-window-bottom -->
        </div> <!-- panel -->
        <div panel-name="testlist-TestSuit" class="panel">
          <div class="main-panel-header rounded-window-top">
            <span class="header-content">Tests for TestSuit</span>
          </div> <!-- main-panel-header rounded-window-top -->
          <div class="main-panel-content rounded-window-bottom">
            <ul>
              <li>
                <span class="test-name">SmokeTest with Chrome (1 class)</span>
              </li>
              <li>
                <span class="test-name">SmokeTest with firefox (1 class)</span>
              </li>
            </ul>
          </div> <!-- main-panel-content rounded-window-bottom -->
        </div> <!-- panel -->
        <div panel-name="group-TestSuit" class="panel">
          <div class="main-panel-header rounded-window-top">
            <span class="header-content">Groups for TestSuit</span>
          </div> <!-- main-panel-header rounded-window-top -->
          <div class="main-panel-content rounded-window-bottom">
            <div class="test-group">
              <span class="test-group-name">ICA.SE-Smoke Test</span>
              <br/>
              <div class="method-in-group">
                <span class="method-in-group-name">Verify_Add_Item_To_Shopping_List</span>
                <br/>
              </div> <!-- method-in-group -->
              <div class="method-in-group">
                <span class="method-in-group-name">Verify_Login_Functionality_With_3Digit</span>
                <br/>
              </div> <!-- method-in-group -->
              <div class="method-in-group">
                <span class="method-in-group-name">Verify_Login_Functionality_With_4Digit</span>
                <br/>
              </div> <!-- method-in-group -->
              <div class="method-in-group">
                <span class="method-in-group-name">Verify_Login_Functionality_With_6Digit</span>
                <br/>
              </div> <!-- method-in-group -->
              <div class="method-in-group">
                <span class="method-in-group-name">Verify_Wrong_Credentials</span>
                <br/>
              </div> <!-- method-in-group -->
            </div> <!-- test-group -->
          </div> <!-- main-panel-content rounded-window-bottom -->
        </div> <!-- panel -->
        <div panel-name="times-TestSuit" class="panel">
          <div class="main-panel-header rounded-window-top">
            <span class="header-content">Times for TestSuit</span>
          </div> <!-- main-panel-header rounded-window-top -->
          <div class="main-panel-content rounded-window-bottom">
            <div class="times-div">
              <script type="text/javascript">
suiteTableInitFunctions.push('tableData_TestSuit');
function tableData_TestSuit() {
var data = new google.visualization.DataTable();
data.addColumn('number', 'Number');
data.addColumn('string', 'Method');
data.addColumn('string', 'Class');
data.addColumn('number', 'Time (ms)');
data.addRows(10);
data.setCell(0, 0, 0)
data.setCell(0, 1, 'Verify_Add_Item_To_Shopping_List')
data.setCell(0, 2, 'testscript.SmokeTest')
data.setCell(0, 3, 44478);
data.setCell(1, 0, 1)
data.setCell(1, 1, 'Verify_Wrong_Credentials')
data.setCell(1, 2, 'testscript.SmokeTest')
data.setCell(1, 3, 15792);
data.setCell(2, 0, 2)
data.setCell(2, 1, 'Verify_Login_Functionality_With_4Digit')
data.setCell(2, 2, 'testscript.SmokeTest')
data.setCell(2, 3, 14326);
data.setCell(3, 0, 3)
data.setCell(3, 1, 'Verify_Login_Functionality_With_6Digit')
data.setCell(3, 2, 'testscript.SmokeTest')
data.setCell(3, 3, 13665);
data.setCell(4, 0, 4)
data.setCell(4, 1, 'Verify_Wrong_Credentials')
data.setCell(4, 2, 'testscript.SmokeTest')
data.setCell(4, 3, 11590);
data.setCell(5, 0, 5)
data.setCell(5, 1, 'Verify_Add_Item_To_Shopping_List')
data.setCell(5, 2, 'testscript.SmokeTest')
data.setCell(5, 3, 10635);
data.setCell(6, 0, 6)
data.setCell(6, 1, 'Verify_Login_Functionality_With_3Digit')
data.setCell(6, 2, 'testscript.SmokeTest')
data.setCell(6, 3, 9474);
data.setCell(7, 0, 7)
data.setCell(7, 1, 'Verify_Login_Functionality_With_6Digit')
data.setCell(7, 2, 'testscript.SmokeTest')
data.setCell(7, 3, 9108);
data.setCell(8, 0, 8)
data.setCell(8, 1, 'Verify_Login_Functionality_With_4Digit')
data.setCell(8, 2, 'testscript.SmokeTest')
data.setCell(8, 3, 7782);
data.setCell(9, 0, 9)
data.setCell(9, 1, 'Verify_Login_Functionality_With_3Digit')
data.setCell(9, 2, 'testscript.SmokeTest')
data.setCell(9, 3, 5077);
window.suiteTableData['TestSuit']= { tableData: data, tableDiv: 'times-div-TestSuit'}
return data;
}
              </script>
              <span class="suite-total-time">Total running time: 2 minutes</span>
              <div id="times-div-TestSuit">
              </div> <!-- times-div-TestSuit -->
            </div> <!-- times-div -->
          </div> <!-- main-panel-content rounded-window-bottom -->
        </div> <!-- panel -->
        <div panel-name="reporter-TestSuit" class="panel">
          <div class="main-panel-header rounded-window-top">
            <span class="header-content">Reporter output for TestSuit</span>
          </div> <!-- main-panel-header rounded-window-top -->
          <div class="main-panel-content rounded-window-bottom">
          </div> <!-- main-panel-content rounded-window-bottom -->
        </div> <!-- panel -->
        <div panel-name="ignored-methods-TestSuit" class="panel">
          <div class="main-panel-header rounded-window-top">
            <span class="header-content">0 ignored methods</span>
          </div> <!-- main-panel-header rounded-window-top -->
          <div class="main-panel-content rounded-window-bottom">
          </div> <!-- main-panel-content rounded-window-bottom -->
        </div> <!-- panel -->
        <div panel-name="chronological-TestSuit" class="panel">
          <div class="main-panel-header rounded-window-top">
            <span class="header-content">Methods in chronological order</span>
          </div> <!-- main-panel-header rounded-window-top -->
          <div class="main-panel-content rounded-window-bottom">
            <div class="chronological-class">
              <div class="chronological-class-name">testscript.SmokeTest</div> <!-- chronological-class-name -->
              <div class="configuration-suite before">
                <span class="method-name">BeforeSuit</span>
                <span class="method-start">0 ms</span>
              </div> <!-- configuration-suite before -->
              <div class="configuration-test before">
                <span class="method-name">beforeTest(chrome)</span>
                <span class="method-start">390 ms</span>
              </div> <!-- configuration-test before -->
              <div class="test-method">
                <img src="failed.png">
                </img>
                <span class="method-name">Verify_Add_Item_To_Shopping_List</span>
                <span class="method-start">4249 ms</span>
              </div> <!-- test-method -->
              <div class="test-method">
                <span class="method-name">Verify_Login_Functionality_With_3Digit</span>
                <span class="method-start">15121 ms</span>
              </div> <!-- test-method -->
              <div class="test-method">
                <span class="method-name">Verify_Login_Functionality_With_4Digit</span>
                <span class="method-start">20758 ms</span>
              </div> <!-- test-method -->
              <div class="test-method">
                <span class="method-name">Verify_Login_Functionality_With_6Digit</span>
                <span class="method-start">28713 ms</span>
              </div> <!-- test-method -->
              <div class="test-method">
                <img src="failed.png">
                </img>
                <span class="method-name">Verify_Wrong_Credentials</span>
                <span class="method-start">37994 ms</span>
              </div> <!-- test-method -->
              <div class="configuration-test after">
                <span class="method-name">afterTest</span>
                <span class="method-start">49904 ms</span>
              </div> <!-- configuration-test after -->
              <div class="configuration-test before">
                <span class="method-name">beforeTest(firefox)</span>
                <span class="method-start">51340 ms</span>
              </div> <!-- configuration-test before -->
              <div class="test-method">
                <span class="method-name">Verify_Add_Item_To_Shopping_List</span>
                <span class="method-start">58197 ms</span>
              </div> <!-- test-method -->
              <div class="test-method">
                <span class="method-name">Verify_Login_Functionality_With_3Digit</span>
                <span class="method-start">102738 ms</span>
              </div> <!-- test-method -->
              <div class="test-method">
                <span class="method-name">Verify_Login_Functionality_With_4Digit</span>
                <span class="method-start">112388 ms</span>
              </div> <!-- test-method -->
              <div class="test-method">
                <span class="method-name">Verify_Login_Functionality_With_6Digit</span>
                <span class="method-start">126770 ms</span>
              </div> <!-- test-method -->
              <div class="test-method">
                <img src="failed.png">
                </img>
                <span class="method-name">Verify_Wrong_Credentials</span>
                <span class="method-start">140490 ms</span>
              </div> <!-- test-method -->
              <div class="configuration-test after">
                <span class="method-name">afterTest</span>
                <span class="method-start">156411 ms</span>
              </div> <!-- configuration-test after -->
          </div> <!-- main-panel-content rounded-window-bottom -->
        </div> <!-- panel -->
      </div> <!-- main-panel-root -->
    </div> <!-- wrapper -->
  </body>
</html>
